2015-01-23 14:57:10 - PHP Warning:  mail() [<a href='function.mail'>function.mail</a>]: Failed to connect to mailserver at &quot;localhost&quot; port 25, verify your &quot;SMTP&quot; and &quot;smtp_port&quot; setting in php.ini or use ini_set() in C:\wamp\www\511\system\library\mail.php on line 164
2015-01-26 10:37:39 - PHP Warning:  mysqli::query() [<a href='mysqli.query'>mysqli.query</a>]: (21000/1242): Subquery returns more than 1 row in C:\wamp\www\511\system\library\db\mysqli.php on line 18
2015-01-26 10:37:39 - PHP Notice:  Error: Subquery returns more than 1 row<br />Error No: 1242<br />SELECT DISTINCT *, (SELECT GROUP_CONCAT(cd1.name ORDER BY level SEPARATOR '&nbsp;&nbsp;&gt;&nbsp;&nbsp;') FROM oc_category_path cp LEFT JOIN oc_category_description cd1 ON (cp.path_id = cd1.category_id AND cp.category_id != cp.path_id) WHERE cp.category_id = c.category_id AND cd1.language_id = '1' GROUP BY cp.category_id) AS path, (SELECT DISTINCT keyword FROM oc_url_alias WHERE query = 'category_id=41') AS keyword FROM oc_category c LEFT JOIN oc_category_description cd2 ON (c.category_id = cd2.category_id) WHERE c.category_id = '41' AND cd2.language_id = '1' in C:\wamp\www\511\system\library\db\mysqli.php on line 40
2015-01-26 10:37:39 - PHP Notice:  Trying to get property of non-object in C:\wamp\www\511\admin\model\catalog\category.php on line 213
2015-01-26 13:42:02 - PHP Notice:  unserialize() [<a href='function.unserialize'>function.unserialize</a>]: Error at offset 0 of 1 bytes in C:\wamp\www\511\system\library\cart.php on line 23
2015-01-26 13:42:02 - PHP Notice:  unserialize() [<a href='function.unserialize'>function.unserialize</a>]: Error at offset 0 of 1 bytes in C:\wamp\www\511\system\library\cart.php on line 23
2015-01-26 13:42:02 - PHP Notice:  unserialize() [<a href='function.unserialize'>function.unserialize</a>]: Error at offset 0 of 1 bytes in C:\wamp\www\511\system\library\cart.php on line 23
2015-01-26 13:42:02 - PHP Notice:  unserialize() [<a href='function.unserialize'>function.unserialize</a>]: Error at offset 0 of 1 bytes in C:\wamp\www\511\system\library\cart.php on line 23
2015-01-26 13:42:02 - PHP Notice:  unserialize() [<a href='function.unserialize'>function.unserialize</a>]: Error at offset 0 of 1 bytes in C:\wamp\www\511\system\library\cart.php on line 23
2015-01-26 13:42:02 - PHP Notice:  unserialize() [<a href='function.unserialize'>function.unserialize</a>]: Error at offset 0 of 1 bytes in C:\wamp\www\511\system\library\cart.php on line 23
2015-01-26 13:42:02 - PHP Notice:  unserialize() [<a href='function.unserialize'>function.unserialize</a>]: Error at offset 0 of 1 bytes in C:\wamp\www\511\system\library\cart.php on line 23
2015-01-27 12:42:58 - PHP Warning:  mail() [<a href='function.mail'>function.mail</a>]: Failed to connect to mailserver at &quot;localhost&quot; port 25, verify your &quot;SMTP&quot; and &quot;smtp_port&quot; setting in php.ini or use ini_set() in C:\wamp\www\511\system\library\mail.php on line 164
2015-01-27 14:56:20 - PHP Notice:  Undefined variable: column_left in C:\wamp\www\511\catalog\view\theme\theme511\template\common\header.tpl on line 159
2015-01-27 14:56:20 - PHP Notice:  Undefined variable: column_left in C:\wamp\www\511\catalog\view\theme\theme511\template\common\header.tpl on line 161
2015-01-27 14:56:20 - PHP Notice:  Undefined variable: column_right in C:\wamp\www\511\catalog\view\theme\theme511\template\common\header.tpl on line 161
2015-01-27 14:56:20 - PHP Notice:  Undefined variable: column_left in C:\wamp\www\511\catalog\view\theme\theme511\template\common\header.tpl on line 186
2015-01-27 14:56:20 - PHP Notice:  Undefined variable: column_right in C:\wamp\www\511\catalog\view\theme\theme511\template\common\header.tpl on line 186
2015-01-28 9:01:20 - PHP Notice:  Undefined variable: text_login1 in C:\wamp\www\511\catalog\view\theme\theme511\template\common\header.tpl on line 145
2015-01-28 9:02:19 - PHP Notice:  Undefined variable: text_login1 in C:\wamp\www\511\catalog\view\theme\theme511\template\common\header.tpl on line 145
2015-01-28 9:03:46 - PHP Notice:  Undefined variable: text_login1 in C:\wamp\www\511\catalog\view\theme\theme511\template\common\header.tpl on line 145
2015-01-28 9:04:42 - PHP Notice:  Undefined variable: text_login1 in C:\wamp\www\511\catalog\view\theme\theme511\template\common\header.tpl on line 145
2015-01-28 9:06:23 - PHP Notice:  Undefined variable: text_login1 in C:\wamp\www\511\catalog\view\theme\theme511\template\common\header.tpl on line 145
2015-01-28 9:06:31 - PHP Notice:  Undefined variable: text_login1 in C:\wamp\www\511\catalog\view\theme\theme511\template\common\header.tpl on line 145
2015-01-28 9:11:55 - PHP Notice:  Undefined variable: text_login1 in C:\wamp\www\511\catalog\view\theme\theme511\template\common\header.tpl on line 145
2015-01-28 9:12:23 - PHP Notice:  Undefined variable: text_login1 in C:\wamp\www\511\catalog\view\theme\theme511\template\common\header.tpl on line 145
2015-01-29 9:06:13 - PHP Warning:  mysqli::query() [<a href='mysqli.query'>mysqli.query</a>]: (21000/1242): Subquery returns more than 1 row in C:\wamp\www\511\system\library\db\mysqli.php on line 18
2015-01-29 9:06:13 - PHP Notice:  Error: Subquery returns more than 1 row<br />Error No: 1242<br />SELECT DISTINCT *, (SELECT GROUP_CONCAT(cd1.name ORDER BY level SEPARATOR '&nbsp;&nbsp;&gt;&nbsp;&nbsp;') FROM oc_category_path cp LEFT JOIN oc_category_description cd1 ON (cp.path_id = cd1.category_id AND cp.category_id != cp.path_id) WHERE cp.category_id = c.category_id AND cd1.language_id = '1' GROUP BY cp.category_id) AS path, (SELECT DISTINCT keyword FROM oc_url_alias WHERE query = 'category_id=37') AS keyword FROM oc_category c LEFT JOIN oc_category_description cd2 ON (c.category_id = cd2.category_id) WHERE c.category_id = '37' AND cd2.language_id = '1' in C:\wamp\www\511\system\library\db\mysqli.php on line 40
2015-01-29 9:06:13 - PHP Notice:  Trying to get property of non-object in C:\wamp\www\511\admin\model\catalog\category.php on line 213
2015-01-29 9:06:13 - PHP Warning:  mysqli::query() [<a href='mysqli.query'>mysqli.query</a>]: (21000/1242): Subquery returns more than 1 row in C:\wamp\www\511\system\library\db\mysqli.php on line 18
2015-01-29 9:06:13 - PHP Notice:  Error: Subquery returns more than 1 row<br />Error No: 1242<br />SELECT DISTINCT *, (SELECT GROUP_CONCAT(cd1.name ORDER BY level SEPARATOR '&nbsp;&nbsp;&gt;&nbsp;&nbsp;') FROM oc_category_path cp LEFT JOIN oc_category_description cd1 ON (cp.path_id = cd1.category_id AND cp.category_id != cp.path_id) WHERE cp.category_id = c.category_id AND cd1.language_id = '1' GROUP BY cp.category_id) AS path, (SELECT DISTINCT keyword FROM oc_url_alias WHERE query = 'category_id=38') AS keyword FROM oc_category c LEFT JOIN oc_category_description cd2 ON (c.category_id = cd2.category_id) WHERE c.category_id = '38' AND cd2.language_id = '1' in C:\wamp\www\511\system\library\db\mysqli.php on line 40
2015-01-29 9:06:13 - PHP Notice:  Trying to get property of non-object in C:\wamp\www\511\admin\model\catalog\category.php on line 213
2015-01-29 9:06:13 - PHP Warning:  mysqli::query() [<a href='mysqli.query'>mysqli.query</a>]: (21000/1242): Subquery returns more than 1 row in C:\wamp\www\511\system\library\db\mysqli.php on line 18
2015-01-29 9:06:13 - PHP Notice:  Error: Subquery returns more than 1 row<br />Error No: 1242<br />SELECT DISTINCT *, (SELECT GROUP_CONCAT(cd1.name ORDER BY level SEPARATOR '&nbsp;&nbsp;&gt;&nbsp;&nbsp;') FROM oc_category_path cp LEFT JOIN oc_category_description cd1 ON (cp.path_id = cd1.category_id AND cp.category_id != cp.path_id) WHERE cp.category_id = c.category_id AND cd1.language_id = '1' GROUP BY cp.category_id) AS path, (SELECT DISTINCT keyword FROM oc_url_alias WHERE query = 'category_id=39') AS keyword FROM oc_category c LEFT JOIN oc_category_description cd2 ON (c.category_id = cd2.category_id) WHERE c.category_id = '39' AND cd2.language_id = '1' in C:\wamp\www\511\system\library\db\mysqli.php on line 40
2015-01-29 9:06:13 - PHP Notice:  Trying to get property of non-object in C:\wamp\www\511\admin\model\catalog\category.php on line 213
2015-01-29 9:06:13 - PHP Warning:  mysqli::query() [<a href='mysqli.query'>mysqli.query</a>]: (21000/1242): Subquery returns more than 1 row in C:\wamp\www\511\system\library\db\mysqli.php on line 18
2015-01-29 9:06:13 - PHP Notice:  Error: Subquery returns more than 1 row<br />Error No: 1242<br />SELECT DISTINCT *, (SELECT GROUP_CONCAT(cd1.name ORDER BY level SEPARATOR '&nbsp;&nbsp;&gt;&nbsp;&nbsp;') FROM oc_category_path cp LEFT JOIN oc_category_description cd1 ON (cp.path_id = cd1.category_id AND cp.category_id != cp.path_id) WHERE cp.category_id = c.category_id AND cd1.language_id = '1' GROUP BY cp.category_id) AS path, (SELECT DISTINCT keyword FROM oc_url_alias WHERE query = 'category_id=40') AS keyword FROM oc_category c LEFT JOIN oc_category_description cd2 ON (c.category_id = cd2.category_id) WHERE c.category_id = '40' AND cd2.language_id = '1' in C:\wamp\www\511\system\library\db\mysqli.php on line 40
2015-01-29 9:06:13 - PHP Notice:  Trying to get property of non-object in C:\wamp\www\511\admin\model\catalog\category.php on line 213
2015-01-29 9:06:13 - PHP Warning:  mysqli::query() [<a href='mysqli.query'>mysqli.query</a>]: (21000/1242): Subquery returns more than 1 row in C:\wamp\www\511\system\library\db\mysqli.php on line 18
2015-01-29 9:06:13 - PHP Notice:  Error: Subquery returns more than 1 row<br />Error No: 1242<br />SELECT DISTINCT *, (SELECT GROUP_CONCAT(cd1.name ORDER BY level SEPARATOR '&nbsp;&nbsp;&gt;&nbsp;&nbsp;') FROM oc_category_path cp LEFT JOIN oc_category_description cd1 ON (cp.path_id = cd1.category_id AND cp.category_id != cp.path_id) WHERE cp.category_id = c.category_id AND cd1.language_id = '1' GROUP BY cp.category_id) AS path, (SELECT DISTINCT keyword FROM oc_url_alias WHERE query = 'category_id=42') AS keyword FROM oc_category c LEFT JOIN oc_category_description cd2 ON (c.category_id = cd2.category_id) WHERE c.category_id = '42' AND cd2.language_id = '1' in C:\wamp\www\511\system\library\db\mysqli.php on line 40
2015-01-29 9:06:13 - PHP Notice:  Trying to get property of non-object in C:\wamp\www\511\admin\model\catalog\category.php on line 213
2015-01-29 9:06:13 - PHP Warning:  mysqli::query() [<a href='mysqli.query'>mysqli.query</a>]: (21000/1242): Subquery returns more than 1 row in C:\wamp\www\511\system\library\db\mysqli.php on line 18
2015-01-29 9:06:13 - PHP Notice:  Error: Subquery returns more than 1 row<br />Error No: 1242<br />SELECT DISTINCT *, (SELECT GROUP_CONCAT(cd1.name ORDER BY level SEPARATOR '&nbsp;&nbsp;&gt;&nbsp;&nbsp;') FROM oc_category_path cp LEFT JOIN oc_category_description cd1 ON (cp.path_id = cd1.category_id AND cp.category_id != cp.path_id) WHERE cp.category_id = c.category_id AND cd1.language_id = '1' GROUP BY cp.category_id) AS path, (SELECT DISTINCT keyword FROM oc_url_alias WHERE query = 'category_id=43') AS keyword FROM oc_category c LEFT JOIN oc_category_description cd2 ON (c.category_id = cd2.category_id) WHERE c.category_id = '43' AND cd2.language_id = '1' in C:\wamp\www\511\system\library\db\mysqli.php on line 40
2015-01-29 9:06:13 - PHP Notice:  Trying to get property of non-object in C:\wamp\www\511\admin\model\catalog\category.php on line 213
2015-01-29 9:06:13 - PHP Warning:  mysqli::query() [<a href='mysqli.query'>mysqli.query</a>]: (21000/1242): Subquery returns more than 1 row in C:\wamp\www\511\system\library\db\mysqli.php on line 18
2015-01-29 9:06:13 - PHP Notice:  Error: Subquery returns more than 1 row<br />Error No: 1242<br />SELECT DISTINCT *, (SELECT GROUP_CONCAT(cd1.name ORDER BY level SEPARATOR '&nbsp;&nbsp;&gt;&nbsp;&nbsp;') FROM oc_category_path cp LEFT JOIN oc_category_description cd1 ON (cp.path_id = cd1.category_id AND cp.category_id != cp.path_id) WHERE cp.category_id = c.category_id AND cd1.language_id = '1' GROUP BY cp.category_id) AS path, (SELECT DISTINCT keyword FROM oc_url_alias WHERE query = 'category_id=44') AS keyword FROM oc_category c LEFT JOIN oc_category_description cd2 ON (c.category_id = cd2.category_id) WHERE c.category_id = '44' AND cd2.language_id = '1' in C:\wamp\www\511\system\library\db\mysqli.php on line 40
2015-01-29 9:06:13 - PHP Notice:  Trying to get property of non-object in C:\wamp\www\511\admin\model\catalog\category.php on line 213
2015-01-29 9:06:18 - PHP Warning:  mysqli::query() [<a href='mysqli.query'>mysqli.query</a>]: (21000/1242): Subquery returns more than 1 row in C:\wamp\www\511\system\library\db\mysqli.php on line 18
2015-01-29 9:06:18 - PHP Notice:  Error: Subquery returns more than 1 row<br />Error No: 1242<br />SELECT DISTINCT *, (SELECT GROUP_CONCAT(cd1.name ORDER BY level SEPARATOR '&nbsp;&nbsp;&gt;&nbsp;&nbsp;') FROM oc_category_path cp LEFT JOIN oc_category_description cd1 ON (cp.path_id = cd1.category_id AND cp.category_id != cp.path_id) WHERE cp.category_id = c.category_id AND cd1.language_id = '1' GROUP BY cp.category_id) AS path, (SELECT DISTINCT keyword FROM oc_url_alias WHERE query = 'category_id=37') AS keyword FROM oc_category c LEFT JOIN oc_category_description cd2 ON (c.category_id = cd2.category_id) WHERE c.category_id = '37' AND cd2.language_id = '1' in C:\wamp\www\511\system\library\db\mysqli.php on line 40
2015-01-29 9:06:18 - PHP Notice:  Trying to get property of non-object in C:\wamp\www\511\admin\model\catalog\category.php on line 213
2015-01-29 9:06:18 - PHP Warning:  mysqli::query() [<a href='mysqli.query'>mysqli.query</a>]: (21000/1242): Subquery returns more than 1 row in C:\wamp\www\511\system\library\db\mysqli.php on line 18
2015-01-29 9:06:18 - PHP Notice:  Error: Subquery returns more than 1 row<br />Error No: 1242<br />SELECT DISTINCT *, (SELECT GROUP_CONCAT(cd1.name ORDER BY level SEPARATOR '&nbsp;&nbsp;&gt;&nbsp;&nbsp;') FROM oc_category_path cp LEFT JOIN oc_category_description cd1 ON (cp.path_id = cd1.category_id AND cp.category_id != cp.path_id) WHERE cp.category_id = c.category_id AND cd1.language_id = '1' GROUP BY cp.category_id) AS path, (SELECT DISTINCT keyword FROM oc_url_alias WHERE query = 'category_id=38') AS keyword FROM oc_category c LEFT JOIN oc_category_description cd2 ON (c.category_id = cd2.category_id) WHERE c.category_id = '38' AND cd2.language_id = '1' in C:\wamp\www\511\system\library\db\mysqli.php on line 40
2015-01-29 9:06:18 - PHP Notice:  Trying to get property of non-object in C:\wamp\www\511\admin\model\catalog\category.php on line 213
2015-01-29 9:06:18 - PHP Warning:  mysqli::query() [<a href='mysqli.query'>mysqli.query</a>]: (21000/1242): Subquery returns more than 1 row in C:\wamp\www\511\system\library\db\mysqli.php on line 18
2015-01-29 9:06:18 - PHP Notice:  Error: Subquery returns more than 1 row<br />Error No: 1242<br />SELECT DISTINCT *, (SELECT GROUP_CONCAT(cd1.name ORDER BY level SEPARATOR '&nbsp;&nbsp;&gt;&nbsp;&nbsp;') FROM oc_category_path cp LEFT JOIN oc_category_description cd1 ON (cp.path_id = cd1.category_id AND cp.category_id != cp.path_id) WHERE cp.category_id = c.category_id AND cd1.language_id = '1' GROUP BY cp.category_id) AS path, (SELECT DISTINCT keyword FROM oc_url_alias WHERE query = 'category_id=39') AS keyword FROM oc_category c LEFT JOIN oc_category_description cd2 ON (c.category_id = cd2.category_id) WHERE c.category_id = '39' AND cd2.language_id = '1' in C:\wamp\www\511\system\library\db\mysqli.php on line 40
2015-01-29 9:06:18 - PHP Notice:  Trying to get property of non-object in C:\wamp\www\511\admin\model\catalog\category.php on line 213
2015-01-29 9:06:18 - PHP Warning:  mysqli::query() [<a href='mysqli.query'>mysqli.query</a>]: (21000/1242): Subquery returns more than 1 row in C:\wamp\www\511\system\library\db\mysqli.php on line 18
2015-01-29 9:06:18 - PHP Notice:  Error: Subquery returns more than 1 row<br />Error No: 1242<br />SELECT DISTINCT *, (SELECT GROUP_CONCAT(cd1.name ORDER BY level SEPARATOR '&nbsp;&nbsp;&gt;&nbsp;&nbsp;') FROM oc_category_path cp LEFT JOIN oc_category_description cd1 ON (cp.path_id = cd1.category_id AND cp.category_id != cp.path_id) WHERE cp.category_id = c.category_id AND cd1.language_id = '1' GROUP BY cp.category_id) AS path, (SELECT DISTINCT keyword FROM oc_url_alias WHERE query = 'category_id=40') AS keyword FROM oc_category c LEFT JOIN oc_category_description cd2 ON (c.category_id = cd2.category_id) WHERE c.category_id = '40' AND cd2.language_id = '1' in C:\wamp\www\511\system\library\db\mysqli.php on line 40
2015-01-29 9:06:18 - PHP Notice:  Trying to get property of non-object in C:\wamp\www\511\admin\model\catalog\category.php on line 213
2015-01-29 9:06:18 - PHP Warning:  mysqli::query() [<a href='mysqli.query'>mysqli.query</a>]: (21000/1242): Subquery returns more than 1 row in C:\wamp\www\511\system\library\db\mysqli.php on line 18
2015-01-29 9:06:18 - PHP Notice:  Error: Subquery returns more than 1 row<br />Error No: 1242<br />SELECT DISTINCT *, (SELECT GROUP_CONCAT(cd1.name ORDER BY level SEPARATOR '&nbsp;&nbsp;&gt;&nbsp;&nbsp;') FROM oc_category_path cp LEFT JOIN oc_category_description cd1 ON (cp.path_id = cd1.category_id AND cp.category_id != cp.path_id) WHERE cp.category_id = c.category_id AND cd1.language_id = '1' GROUP BY cp.category_id) AS path, (SELECT DISTINCT keyword FROM oc_url_alias WHERE query = 'category_id=42') AS keyword FROM oc_category c LEFT JOIN oc_category_description cd2 ON (c.category_id = cd2.category_id) WHERE c.category_id = '42' AND cd2.language_id = '1' in C:\wamp\www\511\system\library\db\mysqli.php on line 40
2015-01-29 9:06:18 - PHP Notice:  Trying to get property of non-object in C:\wamp\www\511\admin\model\catalog\category.php on line 213
2015-01-29 9:06:18 - PHP Warning:  mysqli::query() [<a href='mysqli.query'>mysqli.query</a>]: (21000/1242): Subquery returns more than 1 row in C:\wamp\www\511\system\library\db\mysqli.php on line 18
2015-01-29 9:06:18 - PHP Notice:  Error: Subquery returns more than 1 row<br />Error No: 1242<br />SELECT DISTINCT *, (SELECT GROUP_CONCAT(cd1.name ORDER BY level SEPARATOR '&nbsp;&nbsp;&gt;&nbsp;&nbsp;') FROM oc_category_path cp LEFT JOIN oc_category_description cd1 ON (cp.path_id = cd1.category_id AND cp.category_id != cp.path_id) WHERE cp.category_id = c.category_id AND cd1.language_id = '1' GROUP BY cp.category_id) AS path, (SELECT DISTINCT keyword FROM oc_url_alias WHERE query = 'category_id=43') AS keyword FROM oc_category c LEFT JOIN oc_category_description cd2 ON (c.category_id = cd2.category_id) WHERE c.category_id = '43' AND cd2.language_id = '1' in C:\wamp\www\511\system\library\db\mysqli.php on line 40
2015-01-29 9:06:18 - PHP Notice:  Trying to get property of non-object in C:\wamp\www\511\admin\model\catalog\category.php on line 213
2015-01-29 9:06:18 - PHP Warning:  mysqli::query() [<a href='mysqli.query'>mysqli.query</a>]: (21000/1242): Subquery returns more than 1 row in C:\wamp\www\511\system\library\db\mysqli.php on line 18
2015-01-29 9:06:18 - PHP Notice:  Error: Subquery returns more than 1 row<br />Error No: 1242<br />SELECT DISTINCT *, (SELECT GROUP_CONCAT(cd1.name ORDER BY level SEPARATOR '&nbsp;&nbsp;&gt;&nbsp;&nbsp;') FROM oc_category_path cp LEFT JOIN oc_category_description cd1 ON (cp.path_id = cd1.category_id AND cp.category_id != cp.path_id) WHERE cp.category_id = c.category_id AND cd1.language_id = '1' GROUP BY cp.category_id) AS path, (SELECT DISTINCT keyword FROM oc_url_alias WHERE query = 'category_id=44') AS keyword FROM oc_category c LEFT JOIN oc_category_description cd2 ON (c.category_id = cd2.category_id) WHERE c.category_id = '44' AND cd2.language_id = '1' in C:\wamp\www\511\system\library\db\mysqli.php on line 40
2015-01-29 9:06:18 - PHP Notice:  Trying to get property of non-object in C:\wamp\www\511\admin\model\catalog\category.php on line 213
2015-01-29 9:07:16 - PHP Warning:  mysqli::query() [<a href='mysqli.query'>mysqli.query</a>]: (21000/1242): Subquery returns more than 1 row in C:\wamp\www\511\system\library\db\mysqli.php on line 18
2015-01-29 9:07:16 - PHP Notice:  Error: Subquery returns more than 1 row<br />Error No: 1242<br />SELECT DISTINCT *, (SELECT GROUP_CONCAT(cd1.name ORDER BY level SEPARATOR '&nbsp;&nbsp;&gt;&nbsp;&nbsp;') FROM oc_category_path cp LEFT JOIN oc_category_description cd1 ON (cp.path_id = cd1.category_id AND cp.category_id != cp.path_id) WHERE cp.category_id = c.category_id AND cd1.language_id = '1' GROUP BY cp.category_id) AS path, (SELECT DISTINCT keyword FROM oc_url_alias WHERE query = 'category_id=44') AS keyword FROM oc_category c LEFT JOIN oc_category_description cd2 ON (c.category_id = cd2.category_id) WHERE c.category_id = '44' AND cd2.language_id = '1' in C:\wamp\www\511\system\library\db\mysqli.php on line 40
2015-01-29 9:07:16 - PHP Notice:  Trying to get property of non-object in C:\wamp\www\511\admin\model\catalog\category.php on line 213
2015-01-29 9:08:07 - PHP Warning:  mysqli::query() [<a href='mysqli.query'>mysqli.query</a>]: (21000/1242): Subquery returns more than 1 row in C:\wamp\www\511\system\library\db\mysqli.php on line 18
2015-01-29 9:08:07 - PHP Notice:  Error: Subquery returns more than 1 row<br />Error No: 1242<br />SELECT DISTINCT *, (SELECT GROUP_CONCAT(cd1.name ORDER BY level SEPARATOR '&nbsp;&nbsp;&gt;&nbsp;&nbsp;') FROM oc_category_path cp LEFT JOIN oc_category_description cd1 ON (cp.path_id = cd1.category_id AND cp.category_id != cp.path_id) WHERE cp.category_id = c.category_id AND cd1.language_id = '1' GROUP BY cp.category_id) AS path, (SELECT DISTINCT keyword FROM oc_url_alias WHERE query = 'category_id=43') AS keyword FROM oc_category c LEFT JOIN oc_category_description cd2 ON (c.category_id = cd2.category_id) WHERE c.category_id = '43' AND cd2.language_id = '1' in C:\wamp\www\511\system\library\db\mysqli.php on line 40
2015-01-29 9:08:07 - PHP Notice:  Trying to get property of non-object in C:\wamp\www\511\admin\model\catalog\category.php on line 213
2015-01-29 9:09:17 - PHP Warning:  mysqli::query() [<a href='mysqli.query'>mysqli.query</a>]: (21000/1242): Subquery returns more than 1 row in C:\wamp\www\511\system\library\db\mysqli.php on line 18
2015-01-29 9:09:17 - PHP Notice:  Error: Subquery returns more than 1 row<br />Error No: 1242<br />SELECT DISTINCT *, (SELECT GROUP_CONCAT(cd1.name ORDER BY level SEPARATOR '&nbsp;&nbsp;&gt;&nbsp;&nbsp;') FROM oc_category_path cp LEFT JOIN oc_category_description cd1 ON (cp.path_id = cd1.category_id AND cp.category_id != cp.path_id) WHERE cp.category_id = c.category_id AND cd1.language_id = '1' GROUP BY cp.category_id) AS path, (SELECT DISTINCT keyword FROM oc_url_alias WHERE query = 'category_id=42') AS keyword FROM oc_category c LEFT JOIN oc_category_description cd2 ON (c.category_id = cd2.category_id) WHERE c.category_id = '42' AND cd2.language_id = '1' in C:\wamp\www\511\system\library\db\mysqli.php on line 40
2015-01-29 9:09:17 - PHP Notice:  Trying to get property of non-object in C:\wamp\www\511\admin\model\catalog\category.php on line 213
2015-01-29 9:10:25 - PHP Warning:  mysqli::query() [<a href='mysqli.query'>mysqli.query</a>]: (21000/1242): Subquery returns more than 1 row in C:\wamp\www\511\system\library\db\mysqli.php on line 18
2015-01-29 9:10:25 - PHP Notice:  Error: Subquery returns more than 1 row<br />Error No: 1242<br />SELECT DISTINCT *, (SELECT GROUP_CONCAT(cd1.name ORDER BY level SEPARATOR '&nbsp;&nbsp;&gt;&nbsp;&nbsp;') FROM oc_category_path cp LEFT JOIN oc_category_description cd1 ON (cp.path_id = cd1.category_id AND cp.category_id != cp.path_id) WHERE cp.category_id = c.category_id AND cd1.language_id = '1' GROUP BY cp.category_id) AS path, (SELECT DISTINCT keyword FROM oc_url_alias WHERE query = 'category_id=40') AS keyword FROM oc_category c LEFT JOIN oc_category_description cd2 ON (c.category_id = cd2.category_id) WHERE c.category_id = '40' AND cd2.language_id = '1' in C:\wamp\www\511\system\library\db\mysqli.php on line 40
2015-01-29 9:10:25 - PHP Notice:  Trying to get property of non-object in C:\wamp\www\511\admin\model\catalog\category.php on line 213
2015-01-29 9:10:36 - PHP Warning:  mysqli::query() [<a href='mysqli.query'>mysqli.query</a>]: (21000/1242): Subquery returns more than 1 row in C:\wamp\www\511\system\library\db\mysqli.php on line 18
2015-01-29 9:10:36 - PHP Notice:  Error: Subquery returns more than 1 row<br />Error No: 1242<br />SELECT DISTINCT *, (SELECT GROUP_CONCAT(cd1.name ORDER BY level SEPARATOR '&nbsp;&nbsp;&gt;&nbsp;&nbsp;') FROM oc_category_path cp LEFT JOIN oc_category_description cd1 ON (cp.path_id = cd1.category_id AND cp.category_id != cp.path_id) WHERE cp.category_id = c.category_id AND cd1.language_id = '1' GROUP BY cp.category_id) AS path, (SELECT DISTINCT keyword FROM oc_url_alias WHERE query = 'category_id=42') AS keyword FROM oc_category c LEFT JOIN oc_category_description cd2 ON (c.category_id = cd2.category_id) WHERE c.category_id = '42' AND cd2.language_id = '1' in C:\wamp\www\511\system\library\db\mysqli.php on line 40
2015-01-29 9:10:36 - PHP Notice:  Trying to get property of non-object in C:\wamp\www\511\admin\model\catalog\category.php on line 213
2015-01-29 9:11:12 - PHP Warning:  mysqli::query() [<a href='mysqli.query'>mysqli.query</a>]: (21000/1242): Subquery returns more than 1 row in C:\wamp\www\511\system\library\db\mysqli.php on line 18
2015-01-29 9:11:12 - PHP Notice:  Error: Subquery returns more than 1 row<br />Error No: 1242<br />SELECT DISTINCT *, (SELECT GROUP_CONCAT(cd1.name ORDER BY level SEPARATOR '&nbsp;&nbsp;&gt;&nbsp;&nbsp;') FROM oc_category_path cp LEFT JOIN oc_category_description cd1 ON (cp.path_id = cd1.category_id AND cp.category_id != cp.path_id) WHERE cp.category_id = c.category_id AND cd1.language_id = '1' GROUP BY cp.category_id) AS path, (SELECT DISTINCT keyword FROM oc_url_alias WHERE query = 'category_id=39') AS keyword FROM oc_category c LEFT JOIN oc_category_description cd2 ON (c.category_id = cd2.category_id) WHERE c.category_id = '39' AND cd2.language_id = '1' in C:\wamp\www\511\system\library\db\mysqli.php on line 40
2015-01-29 9:11:12 - PHP Notice:  Trying to get property of non-object in C:\wamp\www\511\admin\model\catalog\category.php on line 213
2015-01-29 9:11:27 - PHP Warning:  mysqli::query() [<a href='mysqli.query'>mysqli.query</a>]: (21000/1242): Subquery returns more than 1 row in C:\wamp\www\511\system\library\db\mysqli.php on line 18
2015-01-29 9:11:27 - PHP Notice:  Error: Subquery returns more than 1 row<br />Error No: 1242<br />SELECT DISTINCT *, (SELECT GROUP_CONCAT(cd1.name ORDER BY level SEPARATOR '&nbsp;&nbsp;&gt;&nbsp;&nbsp;') FROM oc_category_path cp LEFT JOIN oc_category_description cd1 ON (cp.path_id = cd1.category_id AND cp.category_id != cp.path_id) WHERE cp.category_id = c.category_id AND cd1.language_id = '1' GROUP BY cp.category_id) AS path, (SELECT DISTINCT keyword FROM oc_url_alias WHERE query = 'category_id=38') AS keyword FROM oc_category c LEFT JOIN oc_category_description cd2 ON (c.category_id = cd2.category_id) WHERE c.category_id = '38' AND cd2.language_id = '1' in C:\wamp\www\511\system\library\db\mysqli.php on line 40
2015-01-29 9:11:27 - PHP Notice:  Trying to get property of non-object in C:\wamp\www\511\admin\model\catalog\category.php on line 213
2015-01-29 9:11:40 - PHP Warning:  mysqli::query() [<a href='mysqli.query'>mysqli.query</a>]: (21000/1242): Subquery returns more than 1 row in C:\wamp\www\511\system\library\db\mysqli.php on line 18
2015-01-29 9:11:40 - PHP Notice:  Error: Subquery returns more than 1 row<br />Error No: 1242<br />SELECT DISTINCT *, (SELECT GROUP_CONCAT(cd1.name ORDER BY level SEPARATOR '&nbsp;&nbsp;&gt;&nbsp;&nbsp;') FROM oc_category_path cp LEFT JOIN oc_category_description cd1 ON (cp.path_id = cd1.category_id AND cp.category_id != cp.path_id) WHERE cp.category_id = c.category_id AND cd1.language_id = '1' GROUP BY cp.category_id) AS path, (SELECT DISTINCT keyword FROM oc_url_alias WHERE query = 'category_id=37') AS keyword FROM oc_category c LEFT JOIN oc_category_description cd2 ON (c.category_id = cd2.category_id) WHERE c.category_id = '37' AND cd2.language_id = '1' in C:\wamp\www\511\system\library\db\mysqli.php on line 40
2015-01-29 9:11:40 - PHP Notice:  Trying to get property of non-object in C:\wamp\www\511\admin\model\catalog\category.php on line 213
2015-06-29 17:33:51 - PHP Warning:  ftp_login() [<a href='function.ftp-login'>function.ftp-login</a>]: Login incorrect. in /Users/fernandomendes/github/novatela_eventos/public/admin/controller/extension/installer.php on line 295
2015-06-29 17:35:08 - PHP Warning:  ftp_login() [<a href='function.ftp-login'>function.ftp-login</a>]: Login incorrect. in /Users/fernandomendes/github/novatela_eventos/public/admin/controller/extension/installer.php on line 295
2015-06-29 19:55:21 - PHP Notice:  Undefined index: description in /srv/httpd/eventos.novatela.com.br/novatela_eventos/public/catalog/view/theme/theme511/template/module/tm_slideshow.tpl on line 35
2015-06-29 19:55:21 - PHP Notice:  Undefined index: description in /srv/httpd/eventos.novatela.com.br/novatela_eventos/public/catalog/view/theme/theme511/template/module/tm_slideshow.tpl on line 35
2015-06-29 19:55:21 - PHP Notice:  Undefined variable: text_register1 in /srv/httpd/eventos.novatela.com.br/novatela_eventos/public/catalog/view/theme/theme511/template/common/header.tpl on line 86
2015-06-29 19:55:21 - PHP Notice:  Undefined variable: text_login1 in /srv/httpd/eventos.novatela.com.br/novatela_eventos/public/catalog/view/theme/theme511/template/common/header.tpl on line 87
2015-06-29 19:55:21 - PHP Notice:  Undefined variable: maintenance in /srv/httpd/eventos.novatela.com.br/novatela_eventos/public/catalog/view/theme/theme511/template/common/header.tpl on line 93
2015-06-29 19:55:21 - PHP Notice:  Undefined variable: informations in /srv/httpd/eventos.novatela.com.br/novatela_eventos/public/catalog/view/theme/theme511/template/common/header.tpl on line 95
2015-06-29 19:55:21 - PHP Notice:  Undefined variable: text_contact in /srv/httpd/eventos.novatela.com.br/novatela_eventos/public/catalog/view/theme/theme511/template/common/header.tpl on line 103
2015-06-29 19:55:21 - PHP Notice:  Undefined variable: return in /srv/httpd/eventos.novatela.com.br/novatela_eventos/public/catalog/view/theme/theme511/template/common/header.tpl on line 104
2015-06-29 19:55:21 - PHP Notice:  Undefined variable: text_return in /srv/httpd/eventos.novatela.com.br/novatela_eventos/public/catalog/view/theme/theme511/template/common/header.tpl on line 104
2015-06-29 19:55:21 - PHP Notice:  Undefined variable: sitemap in /srv/httpd/eventos.novatela.com.br/novatela_eventos/public/catalog/view/theme/theme511/template/common/header.tpl on line 105
2015-06-29 19:55:21 - PHP Notice:  Undefined variable: text_sitemap in /srv/httpd/eventos.novatela.com.br/novatela_eventos/public/catalog/view/theme/theme511/template/common/header.tpl on line 105
2015-06-29 19:55:21 - PHP Notice:  Undefined variable: manufacturer in /srv/httpd/eventos.novatela.com.br/novatela_eventos/public/catalog/view/theme/theme511/template/common/header.tpl on line 109
2015-06-29 19:55:21 - PHP Notice:  Undefined variable: text_manufacturer in /srv/httpd/eventos.novatela.com.br/novatela_eventos/public/catalog/view/theme/theme511/template/common/header.tpl on line 109
2015-06-29 19:55:21 - PHP Notice:  Undefined variable: voucher in /srv/httpd/eventos.novatela.com.br/novatela_eventos/public/catalog/view/theme/theme511/template/common/header.tpl on line 110
2015-06-29 19:55:21 - PHP Notice:  Undefined variable: text_voucher in /srv/httpd/eventos.novatela.com.br/novatela_eventos/public/catalog/view/theme/theme511/template/common/header.tpl on line 110
2015-06-29 19:55:21 - PHP Notice:  Undefined variable: affiliate in /srv/httpd/eventos.novatela.com.br/novatela_eventos/public/catalog/view/theme/theme511/template/common/header.tpl on line 111
2015-06-29 19:55:21 - PHP Notice:  Undefined variable: text_affiliate in /srv/httpd/eventos.novatela.com.br/novatela_eventos/public/catalog/view/theme/theme511/template/common/header.tpl on line 111
2015-06-29 19:55:21 - PHP Notice:  Undefined variable: special in /srv/httpd/eventos.novatela.com.br/novatela_eventos/public/catalog/view/theme/theme511/template/common/header.tpl on line 112
2015-06-29 19:55:21 - PHP Notice:  Undefined variable: text_special in /srv/httpd/eventos.novatela.com.br/novatela_eventos/public/catalog/view/theme/theme511/template/common/header.tpl on line 112
2015-06-29 19:55:21 - PHP Notice:  Undefined variable: newsletter in /srv/httpd/eventos.novatela.com.br/novatela_eventos/public/catalog/view/theme/theme511/template/common/header.tpl on line 116
2015-06-29 19:55:21 - PHP Notice:  Undefined variable: text_newsletter in /srv/httpd/eventos.novatela.com.br/novatela_eventos/public/catalog/view/theme/theme511/template/common/header.tpl on line 116
2015-06-29 19:55:21 - PHP Notice:  Undefined variable: text_login1 in /srv/httpd/eventos.novatela.com.br/novatela_eventos/public/catalog/view/theme/theme511/template/common/header.tpl on line 145
2015-06-29 19:55:21 - PHP Notice:  Undefined variable: text_register1 in /srv/httpd/eventos.novatela.com.br/novatela_eventos/public/catalog/view/theme/theme511/template/common/header.tpl on line 146
2015-06-29 19:55:21 - PHP Notice:  Undefined variable: column_left in /srv/httpd/eventos.novatela.com.br/novatela_eventos/public/catalog/view/theme/theme511/template/common/header.tpl on line 159
2015-06-29 19:55:21 - PHP Notice:  Undefined variable: column_left in /srv/httpd/eventos.novatela.com.br/novatela_eventos/public/catalog/view/theme/theme511/template/common/header.tpl on line 161
2015-06-29 19:55:21 - PHP Notice:  Undefined variable: column_right in /srv/httpd/eventos.novatela.com.br/novatela_eventos/public/catalog/view/theme/theme511/template/common/header.tpl on line 161
2015-06-29 19:55:21 - PHP Notice:  Undefined variable: column_left in /srv/httpd/eventos.novatela.com.br/novatela_eventos/public/catalog/view/theme/theme511/template/common/header.tpl on line 163
2015-06-29 19:55:21 - PHP Notice:  Undefined variable: column_left in /srv/httpd/eventos.novatela.com.br/novatela_eventos/public/catalog/view/theme/theme511/template/common/header.tpl on line 185
2015-06-29 19:55:21 - PHP Notice:  Undefined variable: column_right in /srv/httpd/eventos.novatela.com.br/novatela_eventos/public/catalog/view/theme/theme511/template/common/header.tpl on line 185
2015-06-29 19:56:30 - PHP Notice:  Undefined index: description in /srv/httpd/eventos.novatela.com.br/novatela_eventos/public/catalog/view/theme/theme511/template/module/tm_slideshow.tpl on line 35
2015-06-29 19:56:30 - PHP Notice:  Undefined index: description in /srv/httpd/eventos.novatela.com.br/novatela_eventos/public/catalog/view/theme/theme511/template/module/tm_slideshow.tpl on line 35
2015-06-29 19:56:30 - PHP Notice:  Undefined variable: maintenance in /srv/httpd/eventos.novatela.com.br/novatela_eventos/public/catalog/view/theme/theme511/template/common/header.tpl on line 93
2015-06-29 19:56:30 - PHP Notice:  Undefined variable: informations in /srv/httpd/eventos.novatela.com.br/novatela_eventos/public/catalog/view/theme/theme511/template/common/header.tpl on line 95
2015-06-29 19:56:30 - PHP Notice:  Undefined variable: text_contact in /srv/httpd/eventos.novatela.com.br/novatela_eventos/public/catalog/view/theme/theme511/template/common/header.tpl on line 103
2015-06-29 19:56:30 - PHP Notice:  Undefined variable: return in /srv/httpd/eventos.novatela.com.br/novatela_eventos/public/catalog/view/theme/theme511/template/common/header.tpl on line 104
2015-06-29 19:56:30 - PHP Notice:  Undefined variable: text_return in /srv/httpd/eventos.novatela.com.br/novatela_eventos/public/catalog/view/theme/theme511/template/common/header.tpl on line 104
2015-06-29 19:56:30 - PHP Notice:  Undefined variable: sitemap in /srv/httpd/eventos.novatela.com.br/novatela_eventos/public/catalog/view/theme/theme511/template/common/header.tpl on line 105
2015-06-29 19:56:30 - PHP Notice:  Undefined variable: text_sitemap in /srv/httpd/eventos.novatela.com.br/novatela_eventos/public/catalog/view/theme/theme511/template/common/header.tpl on line 105
2015-06-29 19:56:30 - PHP Notice:  Undefined variable: manufacturer in /srv/httpd/eventos.novatela.com.br/novatela_eventos/public/catalog/view/theme/theme511/template/common/header.tpl on line 109
2015-06-29 19:56:30 - PHP Notice:  Undefined variable: text_manufacturer in /srv/httpd/eventos.novatela.com.br/novatela_eventos/public/catalog/view/theme/theme511/template/common/header.tpl on line 109
2015-06-29 19:56:30 - PHP Notice:  Undefined variable: voucher in /srv/httpd/eventos.novatela.com.br/novatela_eventos/public/catalog/view/theme/theme511/template/common/header.tpl on line 110
2015-06-29 19:56:30 - PHP Notice:  Undefined variable: text_voucher in /srv/httpd/eventos.novatela.com.br/novatela_eventos/public/catalog/view/theme/theme511/template/common/header.tpl on line 110
2015-06-29 19:56:30 - PHP Notice:  Undefined variable: affiliate in /srv/httpd/eventos.novatela.com.br/novatela_eventos/public/catalog/view/theme/theme511/template/common/header.tpl on line 111
2015-06-29 19:56:30 - PHP Notice:  Undefined variable: text_affiliate in /srv/httpd/eventos.novatela.com.br/novatela_eventos/public/catalog/view/theme/theme511/template/common/header.tpl on line 111
2015-06-29 19:56:30 - PHP Notice:  Undefined variable: special in /srv/httpd/eventos.novatela.com.br/novatela_eventos/public/catalog/view/theme/theme511/template/common/header.tpl on line 112
2015-06-29 19:56:30 - PHP Notice:  Undefined variable: text_special in /srv/httpd/eventos.novatela.com.br/novatela_eventos/public/catalog/view/theme/theme511/template/common/header.tpl on line 112
2015-06-29 19:56:30 - PHP Notice:  Undefined variable: newsletter in /srv/httpd/eventos.novatela.com.br/novatela_eventos/public/catalog/view/theme/theme511/template/common/header.tpl on line 116
2015-06-29 19:56:30 - PHP Notice:  Undefined variable: text_newsletter in /srv/httpd/eventos.novatela.com.br/novatela_eventos/public/catalog/view/theme/theme511/template/common/header.tpl on line 116
2015-06-29 19:56:30 - PHP Notice:  Undefined variable: column_left in /srv/httpd/eventos.novatela.com.br/novatela_eventos/public/catalog/view/theme/theme511/template/common/header.tpl on line 159
2015-06-29 19:56:30 - PHP Notice:  Undefined variable: column_left in /srv/httpd/eventos.novatela.com.br/novatela_eventos/public/catalog/view/theme/theme511/template/common/header.tpl on line 161
2015-06-29 19:56:30 - PHP Notice:  Undefined variable: column_right in /srv/httpd/eventos.novatela.com.br/novatela_eventos/public/catalog/view/theme/theme511/template/common/header.tpl on line 161
2015-06-29 19:56:30 - PHP Notice:  Undefined variable: column_left in /srv/httpd/eventos.novatela.com.br/novatela_eventos/public/catalog/view/theme/theme511/template/common/header.tpl on line 163
2015-06-29 19:56:30 - PHP Notice:  Undefined variable: column_left in /srv/httpd/eventos.novatela.com.br/novatela_eventos/public/catalog/view/theme/theme511/template/common/header.tpl on line 185
2015-06-29 19:56:30 - PHP Notice:  Undefined variable: column_right in /srv/httpd/eventos.novatela.com.br/novatela_eventos/public/catalog/view/theme/theme511/template/common/header.tpl on line 185
2015-06-29 19:56:47 - PHP Notice:  Undefined index: description in /srv/httpd/eventos.novatela.com.br/novatela_eventos/public/catalog/view/theme/theme511/template/module/tm_slideshow.tpl on line 35
2015-06-29 19:56:47 - PHP Notice:  Undefined index: description in /srv/httpd/eventos.novatela.com.br/novatela_eventos/public/catalog/view/theme/theme511/template/module/tm_slideshow.tpl on line 35
2015-06-29 19:56:47 - PHP Notice:  Undefined variable: text_register1 in /srv/httpd/eventos.novatela.com.br/novatela_eventos/public/catalog/view/theme/theme511/template/common/header.tpl on line 86
2015-06-29 19:56:47 - PHP Notice:  Undefined variable: text_login1 in /srv/httpd/eventos.novatela.com.br/novatela_eventos/public/catalog/view/theme/theme511/template/common/header.tpl on line 87
2015-06-29 19:56:47 - PHP Notice:  Undefined variable: maintenance in /srv/httpd/eventos.novatela.com.br/novatela_eventos/public/catalog/view/theme/theme511/template/common/header.tpl on line 93
2015-06-29 19:56:47 - PHP Notice:  Undefined variable: informations in /srv/httpd/eventos.novatela.com.br/novatela_eventos/public/catalog/view/theme/theme511/template/common/header.tpl on line 95
2015-06-29 19:56:47 - PHP Notice:  Undefined variable: text_contact in /srv/httpd/eventos.novatela.com.br/novatela_eventos/public/catalog/view/theme/theme511/template/common/header.tpl on line 103
2015-06-29 19:56:47 - PHP Notice:  Undefined variable: return in /srv/httpd/eventos.novatela.com.br/novatela_eventos/public/catalog/view/theme/theme511/template/common/header.tpl on line 104
2015-06-29 19:56:47 - PHP Notice:  Undefined variable: text_return in /srv/httpd/eventos.novatela.com.br/novatela_eventos/public/catalog/view/theme/theme511/template/common/header.tpl on line 104
2015-06-29 19:56:47 - PHP Notice:  Undefined variable: sitemap in /srv/httpd/eventos.novatela.com.br/novatela_eventos/public/catalog/view/theme/theme511/template/common/header.tpl on line 105
2015-06-29 19:56:47 - PHP Notice:  Undefined variable: text_sitemap in /srv/httpd/eventos.novatela.com.br/novatela_eventos/public/catalog/view/theme/theme511/template/common/header.tpl on line 105
2015-06-29 19:56:47 - PHP Notice:  Undefined variable: manufacturer in /srv/httpd/eventos.novatela.com.br/novatela_eventos/public/catalog/view/theme/theme511/template/common/header.tpl on line 109
2015-06-29 19:56:47 - PHP Notice:  Undefined variable: text_manufacturer in /srv/httpd/eventos.novatela.com.br/novatela_eventos/public/catalog/view/theme/theme511/template/common/header.tpl on line 109
2015-06-29 19:56:47 - PHP Notice:  Undefined variable: voucher in /srv/httpd/eventos.novatela.com.br/novatela_eventos/public/catalog/view/theme/theme511/template/common/header.tpl on line 110
2015-06-29 19:56:47 - PHP Notice:  Undefined variable: text_voucher in /srv/httpd/eventos.novatela.com.br/novatela_eventos/public/catalog/view/theme/theme511/template/common/header.tpl on line 110
2015-06-29 19:56:47 - PHP Notice:  Undefined variable: affiliate in /srv/httpd/eventos.novatela.com.br/novatela_eventos/public/catalog/view/theme/theme511/template/common/header.tpl on line 111
2015-06-29 19:56:47 - PHP Notice:  Undefined variable: text_affiliate in /srv/httpd/eventos.novatela.com.br/novatela_eventos/public/catalog/view/theme/theme511/template/common/header.tpl on line 111
2015-06-29 19:56:47 - PHP Notice:  Undefined variable: special in /srv/httpd/eventos.novatela.com.br/novatela_eventos/public/catalog/view/theme/theme511/template/common/header.tpl on line 112
2015-06-29 19:56:47 - PHP Notice:  Undefined variable: text_special in /srv/httpd/eventos.novatela.com.br/novatela_eventos/public/catalog/view/theme/theme511/template/common/header.tpl on line 112
2015-06-29 19:56:47 - PHP Notice:  Undefined variable: newsletter in /srv/httpd/eventos.novatela.com.br/novatela_eventos/public/catalog/view/theme/theme511/template/common/header.tpl on line 116
2015-06-29 19:56:47 - PHP Notice:  Undefined variable: text_newsletter in /srv/httpd/eventos.novatela.com.br/novatela_eventos/public/catalog/view/theme/theme511/template/common/header.tpl on line 116
2015-06-29 19:56:47 - PHP Notice:  Undefined variable: text_login1 in /srv/httpd/eventos.novatela.com.br/novatela_eventos/public/catalog/view/theme/theme511/template/common/header.tpl on line 145
2015-06-29 19:56:47 - PHP Notice:  Undefined variable: text_register1 in /srv/httpd/eventos.novatela.com.br/novatela_eventos/public/catalog/view/theme/theme511/template/common/header.tpl on line 146
2015-06-29 19:56:47 - PHP Notice:  Undefined variable: column_left in /srv/httpd/eventos.novatela.com.br/novatela_eventos/public/catalog/view/theme/theme511/template/common/header.tpl on line 159
2015-06-29 19:56:47 - PHP Notice:  Undefined variable: column_left in /srv/httpd/eventos.novatela.com.br/novatela_eventos/public/catalog/view/theme/theme511/template/common/header.tpl on line 161
2015-06-29 19:56:47 - PHP Notice:  Undefined variable: column_right in /srv/httpd/eventos.novatela.com.br/novatela_eventos/public/catalog/view/theme/theme511/template/common/header.tpl on line 161
2015-06-29 19:56:47 - PHP Notice:  Undefined variable: column_left in /srv/httpd/eventos.novatela.com.br/novatela_eventos/public/catalog/view/theme/theme511/template/common/header.tpl on line 163
2015-06-29 19:56:47 - PHP Notice:  Undefined variable: column_left in /srv/httpd/eventos.novatela.com.br/novatela_eventos/public/catalog/view/theme/theme511/template/common/header.tpl on line 185
2015-06-29 19:56:47 - PHP Notice:  Undefined variable: column_right in /srv/httpd/eventos.novatela.com.br/novatela_eventos/public/catalog/view/theme/theme511/template/common/header.tpl on line 185
2015-06-29 19:56:50 - PHP Notice:  Undefined variable: text_register1 in /srv/httpd/eventos.novatela.com.br/novatela_eventos/public/catalog/view/theme/theme511/template/common/header.tpl on line 86
2015-06-29 19:56:50 - PHP Notice:  Undefined variable: text_login1 in /srv/httpd/eventos.novatela.com.br/novatela_eventos/public/catalog/view/theme/theme511/template/common/header.tpl on line 87
2015-06-29 19:56:50 - PHP Notice:  Undefined variable: maintenance in /srv/httpd/eventos.novatela.com.br/novatela_eventos/public/catalog/view/theme/theme511/template/common/header.tpl on line 93
2015-06-29 19:56:50 - PHP Notice:  Undefined variable: informations in /srv/httpd/eventos.novatela.com.br/novatela_eventos/public/catalog/view/theme/theme511/template/common/header.tpl on line 95
2015-06-29 19:56:50 - PHP Notice:  Undefined variable: text_contact in /srv/httpd/eventos.novatela.com.br/novatela_eventos/public/catalog/view/theme/theme511/template/common/header.tpl on line 103
2015-06-29 19:56:50 - PHP Notice:  Undefined variable: return in /srv/httpd/eventos.novatela.com.br/novatela_eventos/public/catalog/view/theme/theme511/template/common/header.tpl on line 104
2015-06-29 19:56:50 - PHP Notice:  Undefined variable: text_return in /srv/httpd/eventos.novatela.com.br/novatela_eventos/public/catalog/view/theme/theme511/template/common/header.tpl on line 104
2015-06-29 19:56:50 - PHP Notice:  Undefined variable: sitemap in /srv/httpd/eventos.novatela.com.br/novatela_eventos/public/catalog/view/theme/theme511/template/common/header.tpl on line 105
2015-06-29 19:56:50 - PHP Notice:  Undefined variable: text_sitemap in /srv/httpd/eventos.novatela.com.br/novatela_eventos/public/catalog/view/theme/theme511/template/common/header.tpl on line 105
2015-06-29 19:56:50 - PHP Notice:  Undefined variable: manufacturer in /srv/httpd/eventos.novatela.com.br/novatela_eventos/public/catalog/view/theme/theme511/template/common/header.tpl on line 109
2015-06-29 19:56:50 - PHP Notice:  Undefined variable: text_manufacturer in /srv/httpd/eventos.novatela.com.br/novatela_eventos/public/catalog/view/theme/theme511/template/common/header.tpl on line 109
2015-06-29 19:56:50 - PHP Notice:  Undefined variable: voucher in /srv/httpd/eventos.novatela.com.br/novatela_eventos/public/catalog/view/theme/theme511/template/common/header.tpl on line 110
2015-06-29 19:56:50 - PHP Notice:  Undefined variable: text_voucher in /srv/httpd/eventos.novatela.com.br/novatela_eventos/public/catalog/view/theme/theme511/template/common/header.tpl on line 110
2015-06-29 19:56:50 - PHP Notice:  Undefined variable: affiliate in /srv/httpd/eventos.novatela.com.br/novatela_eventos/public/catalog/view/theme/theme511/template/common/header.tpl on line 111
2015-06-29 19:56:50 - PHP Notice:  Undefined variable: text_affiliate in /srv/httpd/eventos.novatela.com.br/novatela_eventos/public/catalog/view/theme/theme511/template/common/header.tpl on line 111
2015-06-29 19:56:50 - PHP Notice:  Undefined variable: special in /srv/httpd/eventos.novatela.com.br/novatela_eventos/public/catalog/view/theme/theme511/template/common/header.tpl on line 112
2015-06-29 19:56:50 - PHP Notice:  Undefined variable: text_special in /srv/httpd/eventos.novatela.com.br/novatela_eventos/public/catalog/view/theme/theme511/template/common/header.tpl on line 112
2015-06-29 19:56:50 - PHP Notice:  Undefined variable: newsletter in /srv/httpd/eventos.novatela.com.br/novatela_eventos/public/catalog/view/theme/theme511/template/common/header.tpl on line 116
2015-06-29 19:56:50 - PHP Notice:  Undefined variable: text_newsletter in /srv/httpd/eventos.novatela.com.br/novatela_eventos/public/catalog/view/theme/theme511/template/common/header.tpl on line 116
2015-06-29 19:56:50 - PHP Notice:  Undefined variable: text_login1 in /srv/httpd/eventos.novatela.com.br/novatela_eventos/public/catalog/view/theme/theme511/template/common/header.tpl on line 145
2015-06-29 19:56:50 - PHP Notice:  Undefined variable: text_register1 in /srv/httpd/eventos.novatela.com.br/novatela_eventos/public/catalog/view/theme/theme511/template/common/header.tpl on line 146
2015-06-29 19:56:50 - PHP Notice:  Undefined variable: column_left in /srv/httpd/eventos.novatela.com.br/novatela_eventos/public/catalog/view/theme/theme511/template/common/header.tpl on line 159
2015-06-29 19:56:50 - PHP Notice:  Undefined variable: column_left in /srv/httpd/eventos.novatela.com.br/novatela_eventos/public/catalog/view/theme/theme511/template/common/header.tpl on line 161
2015-06-29 19:56:50 - PHP Notice:  Undefined variable: column_right in /srv/httpd/eventos.novatela.com.br/novatela_eventos/public/catalog/view/theme/theme511/template/common/header.tpl on line 161
2015-06-29 19:56:50 - PHP Notice:  Undefined variable: column_left in /srv/httpd/eventos.novatela.com.br/novatela_eventos/public/catalog/view/theme/theme511/template/common/header.tpl on line 163
2015-06-29 19:56:50 - PHP Notice:  Undefined variable: column_left in /srv/httpd/eventos.novatela.com.br/novatela_eventos/public/catalog/view/theme/theme511/template/common/header.tpl on line 185
2015-06-29 19:56:50 - PHP Notice:  Undefined variable: column_right in /srv/httpd/eventos.novatela.com.br/novatela_eventos/public/catalog/view/theme/theme511/template/common/header.tpl on line 185
2015-06-29 19:56:53 - PHP Notice:  Undefined variable: text_register1 in /srv/httpd/eventos.novatela.com.br/novatela_eventos/public/catalog/view/theme/theme511/template/common/header.tpl on line 86
2015-06-29 19:56:53 - PHP Notice:  Undefined variable: text_login1 in /srv/httpd/eventos.novatela.com.br/novatela_eventos/public/catalog/view/theme/theme511/template/common/header.tpl on line 87
2015-06-29 19:56:53 - PHP Notice:  Undefined variable: maintenance in /srv/httpd/eventos.novatela.com.br/novatela_eventos/public/catalog/view/theme/theme511/template/common/header.tpl on line 93
2015-06-29 19:56:53 - PHP Notice:  Undefined variable: informations in /srv/httpd/eventos.novatela.com.br/novatela_eventos/public/catalog/view/theme/theme511/template/common/header.tpl on line 95
2015-06-29 19:56:53 - PHP Notice:  Undefined variable: text_contact in /srv/httpd/eventos.novatela.com.br/novatela_eventos/public/catalog/view/theme/theme511/template/common/header.tpl on line 103
2015-06-29 19:56:53 - PHP Notice:  Undefined variable: return in /srv/httpd/eventos.novatela.com.br/novatela_eventos/public/catalog/view/theme/theme511/template/common/header.tpl on line 104
2015-06-29 19:56:53 - PHP Notice:  Undefined variable: text_return in /srv/httpd/eventos.novatela.com.br/novatela_eventos/public/catalog/view/theme/theme511/template/common/header.tpl on line 104
2015-06-29 19:56:53 - PHP Notice:  Undefined variable: sitemap in /srv/httpd/eventos.novatela.com.br/novatela_eventos/public/catalog/view/theme/theme511/template/common/header.tpl on line 105
2015-06-29 19:56:53 - PHP Notice:  Undefined variable: text_sitemap in /srv/httpd/eventos.novatela.com.br/novatela_eventos/public/catalog/view/theme/theme511/template/common/header.tpl on line 105
2015-06-29 19:56:53 - PHP Notice:  Undefined variable: manufacturer in /srv/httpd/eventos.novatela.com.br/novatela_eventos/public/catalog/view/theme/theme511/template/common/header.tpl on line 109
2015-06-29 19:56:53 - PHP Notice:  Undefined variable: text_manufacturer in /srv/httpd/eventos.novatela.com.br/novatela_eventos/public/catalog/view/theme/theme511/template/common/header.tpl on line 109
2015-06-29 19:56:53 - PHP Notice:  Undefined variable: voucher in /srv/httpd/eventos.novatela.com.br/novatela_eventos/public/catalog/view/theme/theme511/template/common/header.tpl on line 110
2015-06-29 19:56:53 - PHP Notice:  Undefined variable: text_voucher in /srv/httpd/eventos.novatela.com.br/novatela_eventos/public/catalog/view/theme/theme511/template/common/header.tpl on line 110
2015-06-29 19:56:53 - PHP Notice:  Undefined variable: affiliate in /srv/httpd/eventos.novatela.com.br/novatela_eventos/public/catalog/view/theme/theme511/template/common/header.tpl on line 111
2015-06-29 19:56:53 - PHP Notice:  Undefined variable: text_affiliate in /srv/httpd/eventos.novatela.com.br/novatela_eventos/public/catalog/view/theme/theme511/template/common/header.tpl on line 111
2015-06-29 19:56:53 - PHP Notice:  Undefined variable: special in /srv/httpd/eventos.novatela.com.br/novatela_eventos/public/catalog/view/theme/theme511/template/common/header.tpl on line 112
2015-06-29 19:56:53 - PHP Notice:  Undefined variable: text_special in /srv/httpd/eventos.novatela.com.br/novatela_eventos/public/catalog/view/theme/theme511/template/common/header.tpl on line 112
2015-06-29 19:56:53 - PHP Notice:  Undefined variable: newsletter in /srv/httpd/eventos.novatela.com.br/novatela_eventos/public/catalog/view/theme/theme511/template/common/header.tpl on line 116
2015-06-29 19:56:53 - PHP Notice:  Undefined variable: text_newsletter in /srv/httpd/eventos.novatela.com.br/novatela_eventos/public/catalog/view/theme/theme511/template/common/header.tpl on line 116
2015-06-29 19:56:53 - PHP Notice:  Undefined variable: text_login1 in /srv/httpd/eventos.novatela.com.br/novatela_eventos/public/catalog/view/theme/theme511/template/common/header.tpl on line 145
2015-06-29 19:56:53 - PHP Notice:  Undefined variable: text_register1 in /srv/httpd/eventos.novatela.com.br/novatela_eventos/public/catalog/view/theme/theme511/template/common/header.tpl on line 146
2015-06-29 19:56:53 - PHP Notice:  Undefined variable: column_left in /srv/httpd/eventos.novatela.com.br/novatela_eventos/public/catalog/view/theme/theme511/template/common/header.tpl on line 159
2015-06-29 19:56:53 - PHP Notice:  Undefined variable: column_left in /srv/httpd/eventos.novatela.com.br/novatela_eventos/public/catalog/view/theme/theme511/template/common/header.tpl on line 161
2015-06-29 19:56:53 - PHP Notice:  Undefined variable: column_right in /srv/httpd/eventos.novatela.com.br/novatela_eventos/public/catalog/view/theme/theme511/template/common/header.tpl on line 161
2015-06-29 19:56:53 - PHP Notice:  Undefined variable: column_left in /srv/httpd/eventos.novatela.com.br/novatela_eventos/public/catalog/view/theme/theme511/template/common/header.tpl on line 163
2015-06-29 19:56:53 - PHP Notice:  Undefined variable: column_left in /srv/httpd/eventos.novatela.com.br/novatela_eventos/public/catalog/view/theme/theme511/template/common/header.tpl on line 185
2015-06-29 19:56:53 - PHP Notice:  Undefined variable: column_right in /srv/httpd/eventos.novatela.com.br/novatela_eventos/public/catalog/view/theme/theme511/template/common/header.tpl on line 185
2015-06-29 19:56:57 - PHP Notice:  Undefined variable: text_register1 in /srv/httpd/eventos.novatela.com.br/novatela_eventos/public/catalog/view/theme/theme511/template/common/header.tpl on line 86
2015-06-29 19:56:57 - PHP Notice:  Undefined variable: text_login1 in /srv/httpd/eventos.novatela.com.br/novatela_eventos/public/catalog/view/theme/theme511/template/common/header.tpl on line 87
2015-06-29 19:56:57 - PHP Notice:  Undefined variable: maintenance in /srv/httpd/eventos.novatela.com.br/novatela_eventos/public/catalog/view/theme/theme511/template/common/header.tpl on line 93
2015-06-29 19:56:57 - PHP Notice:  Undefined variable: informations in /srv/httpd/eventos.novatela.com.br/novatela_eventos/public/catalog/view/theme/theme511/template/common/header.tpl on line 95
2015-06-29 19:56:57 - PHP Notice:  Undefined variable: text_contact in /srv/httpd/eventos.novatela.com.br/novatela_eventos/public/catalog/view/theme/theme511/template/common/header.tpl on line 103
2015-06-29 19:56:57 - PHP Notice:  Undefined variable: return in /srv/httpd/eventos.novatela.com.br/novatela_eventos/public/catalog/view/theme/theme511/template/common/header.tpl on line 104
2015-06-29 19:56:57 - PHP Notice:  Undefined variable: text_return in /srv/httpd/eventos.novatela.com.br/novatela_eventos/public/catalog/view/theme/theme511/template/common/header.tpl on line 104
2015-06-29 19:56:57 - PHP Notice:  Undefined variable: sitemap in /srv/httpd/eventos.novatela.com.br/novatela_eventos/public/catalog/view/theme/theme511/template/common/header.tpl on line 105
2015-06-29 19:56:57 - PHP Notice:  Undefined variable: text_sitemap in /srv/httpd/eventos.novatela.com.br/novatela_eventos/public/catalog/view/theme/theme511/template/common/header.tpl on line 105
2015-06-29 19:56:57 - PHP Notice:  Undefined variable: manufacturer in /srv/httpd/eventos.novatela.com.br/novatela_eventos/public/catalog/view/theme/theme511/template/common/header.tpl on line 109
2015-06-29 19:56:57 - PHP Notice:  Undefined variable: text_manufacturer in /srv/httpd/eventos.novatela.com.br/novatela_eventos/public/catalog/view/theme/theme511/template/common/header.tpl on line 109
2015-06-29 19:56:57 - PHP Notice:  Undefined variable: voucher in /srv/httpd/eventos.novatela.com.br/novatela_eventos/public/catalog/view/theme/theme511/template/common/header.tpl on line 110
2015-06-29 19:56:57 - PHP Notice:  Undefined variable: text_voucher in /srv/httpd/eventos.novatela.com.br/novatela_eventos/public/catalog/view/theme/theme511/template/common/header.tpl on line 110
2015-06-29 19:56:57 - PHP Notice:  Undefined variable: affiliate in /srv/httpd/eventos.novatela.com.br/novatela_eventos/public/catalog/view/theme/theme511/template/common/header.tpl on line 111
2015-06-29 19:56:57 - PHP Notice:  Undefined variable: text_affiliate in /srv/httpd/eventos.novatela.com.br/novatela_eventos/public/catalog/view/theme/theme511/template/common/header.tpl on line 111
2015-06-29 19:56:57 - PHP Notice:  Undefined variable: special in /srv/httpd/eventos.novatela.com.br/novatela_eventos/public/catalog/view/theme/theme511/template/common/header.tpl on line 112
2015-06-29 19:56:57 - PHP Notice:  Undefined variable: text_special in /srv/httpd/eventos.novatela.com.br/novatela_eventos/public/catalog/view/theme/theme511/template/common/header.tpl on line 112
2015-06-29 19:56:57 - PHP Notice:  Undefined variable: newsletter in /srv/httpd/eventos.novatela.com.br/novatela_eventos/public/catalog/view/theme/theme511/template/common/header.tpl on line 116
2015-06-29 19:56:57 - PHP Notice:  Undefined variable: text_newsletter in /srv/httpd/eventos.novatela.com.br/novatela_eventos/public/catalog/view/theme/theme511/template/common/header.tpl on line 116
2015-06-29 19:56:57 - PHP Notice:  Undefined variable: text_login1 in /srv/httpd/eventos.novatela.com.br/novatela_eventos/public/catalog/view/theme/theme511/template/common/header.tpl on line 145
2015-06-29 19:56:57 - PHP Notice:  Undefined variable: text_register1 in /srv/httpd/eventos.novatela.com.br/novatela_eventos/public/catalog/view/theme/theme511/template/common/header.tpl on line 146
2015-06-29 19:56:57 - PHP Notice:  Undefined variable: column_left in /srv/httpd/eventos.novatela.com.br/novatela_eventos/public/catalog/view/theme/theme511/template/common/header.tpl on line 159
2015-06-29 19:56:57 - PHP Notice:  Undefined variable: column_left in /srv/httpd/eventos.novatela.com.br/novatela_eventos/public/catalog/view/theme/theme511/template/common/header.tpl on line 161
2015-06-29 19:56:57 - PHP Notice:  Undefined variable: column_right in /srv/httpd/eventos.novatela.com.br/novatela_eventos/public/catalog/view/theme/theme511/template/common/header.tpl on line 161
2015-06-29 19:56:57 - PHP Notice:  Undefined variable: column_left in /srv/httpd/eventos.novatela.com.br/novatela_eventos/public/catalog/view/theme/theme511/template/common/header.tpl on line 163
2015-06-29 19:56:57 - PHP Notice:  Undefined variable: column_left in /srv/httpd/eventos.novatela.com.br/novatela_eventos/public/catalog/view/theme/theme511/template/common/header.tpl on line 185
2015-06-29 19:56:57 - PHP Notice:  Undefined variable: column_right in /srv/httpd/eventos.novatela.com.br/novatela_eventos/public/catalog/view/theme/theme511/template/common/header.tpl on line 185
2015-06-29 19:56:58 - PHP Notice:  Undefined variable: text_register1 in /srv/httpd/eventos.novatela.com.br/novatela_eventos/public/catalog/view/theme/theme511/template/common/header.tpl on line 86
2015-06-29 19:56:58 - PHP Notice:  Undefined variable: text_login1 in /srv/httpd/eventos.novatela.com.br/novatela_eventos/public/catalog/view/theme/theme511/template/common/header.tpl on line 87
2015-06-29 19:56:58 - PHP Notice:  Undefined variable: maintenance in /srv/httpd/eventos.novatela.com.br/novatela_eventos/public/catalog/view/theme/theme511/template/common/header.tpl on line 93
2015-06-29 19:56:58 - PHP Notice:  Undefined variable: informations in /srv/httpd/eventos.novatela.com.br/novatela_eventos/public/catalog/view/theme/theme511/template/common/header.tpl on line 95
2015-06-29 19:56:58 - PHP Notice:  Undefined variable: text_contact in /srv/httpd/eventos.novatela.com.br/novatela_eventos/public/catalog/view/theme/theme511/template/common/header.tpl on line 103
2015-06-29 19:56:58 - PHP Notice:  Undefined variable: return in /srv/httpd/eventos.novatela.com.br/novatela_eventos/public/catalog/view/theme/theme511/template/common/header.tpl on line 104
2015-06-29 19:56:58 - PHP Notice:  Undefined variable: text_return in /srv/httpd/eventos.novatela.com.br/novatela_eventos/public/catalog/view/theme/theme511/template/common/header.tpl on line 104
2015-06-29 19:56:58 - PHP Notice:  Undefined variable: sitemap in /srv/httpd/eventos.novatela.com.br/novatela_eventos/public/catalog/view/theme/theme511/template/common/header.tpl on line 105
2015-06-29 19:56:58 - PHP Notice:  Undefined variable: text_sitemap in /srv/httpd/eventos.novatela.com.br/novatela_eventos/public/catalog/view/theme/theme511/template/common/header.tpl on line 105
2015-06-29 19:56:58 - PHP Notice:  Undefined variable: manufacturer in /srv/httpd/eventos.novatela.com.br/novatela_eventos/public/catalog/view/theme/theme511/template/common/header.tpl on line 109
2015-06-29 19:56:58 - PHP Notice:  Undefined variable: text_manufacturer in /srv/httpd/eventos.novatela.com.br/novatela_eventos/public/catalog/view/theme/theme511/template/common/header.tpl on line 109
2015-06-29 19:56:58 - PHP Notice:  Undefined variable: voucher in /srv/httpd/eventos.novatela.com.br/novatela_eventos/public/catalog/view/theme/theme511/template/common/header.tpl on line 110
2015-06-29 19:56:58 - PHP Notice:  Undefined variable: text_voucher in /srv/httpd/eventos.novatela.com.br/novatela_eventos/public/catalog/view/theme/theme511/template/common/header.tpl on line 110
2015-06-29 19:56:58 - PHP Notice:  Undefined variable: affiliate in /srv/httpd/eventos.novatela.com.br/novatela_eventos/public/catalog/view/theme/theme511/template/common/header.tpl on line 111
2015-06-29 19:56:58 - PHP Notice:  Undefined variable: text_affiliate in /srv/httpd/eventos.novatela.com.br/novatela_eventos/public/catalog/view/theme/theme511/template/common/header.tpl on line 111
2015-06-29 19:56:58 - PHP Notice:  Undefined variable: special in /srv/httpd/eventos.novatela.com.br/novatela_eventos/public/catalog/view/theme/theme511/template/common/header.tpl on line 112
2015-06-29 19:56:58 - PHP Notice:  Undefined variable: text_special in /srv/httpd/eventos.novatela.com.br/novatela_eventos/public/catalog/view/theme/theme511/template/common/header.tpl on line 112
2015-06-29 19:56:58 - PHP Notice:  Undefined variable: newsletter in /srv/httpd/eventos.novatela.com.br/novatela_eventos/public/catalog/view/theme/theme511/template/common/header.tpl on line 116
2015-06-29 19:56:58 - PHP Notice:  Undefined variable: text_newsletter in /srv/httpd/eventos.novatela.com.br/novatela_eventos/public/catalog/view/theme/theme511/template/common/header.tpl on line 116
2015-06-29 19:56:58 - PHP Notice:  Undefined variable: text_login1 in /srv/httpd/eventos.novatela.com.br/novatela_eventos/public/catalog/view/theme/theme511/template/common/header.tpl on line 145
2015-06-29 19:56:58 - PHP Notice:  Undefined variable: text_register1 in /srv/httpd/eventos.novatela.com.br/novatela_eventos/public/catalog/view/theme/theme511/template/common/header.tpl on line 146
2015-06-29 19:56:58 - PHP Notice:  Undefined variable: column_left in /srv/httpd/eventos.novatela.com.br/novatela_eventos/public/catalog/view/theme/theme511/template/common/header.tpl on line 159
2015-06-29 19:56:58 - PHP Notice:  Undefined variable: column_left in /srv/httpd/eventos.novatela.com.br/novatela_eventos/public/catalog/view/theme/theme511/template/common/header.tpl on line 161
2015-06-29 19:56:58 - PHP Notice:  Undefined variable: column_right in /srv/httpd/eventos.novatela.com.br/novatela_eventos/public/catalog/view/theme/theme511/template/common/header.tpl on line 161
2015-06-29 19:56:58 - PHP Notice:  Undefined variable: column_left in /srv/httpd/eventos.novatela.com.br/novatela_eventos/public/catalog/view/theme/theme511/template/common/header.tpl on line 163
2015-06-29 19:56:58 - PHP Notice:  Undefined variable: column_left in /srv/httpd/eventos.novatela.com.br/novatela_eventos/public/catalog/view/theme/theme511/template/common/header.tpl on line 185
2015-06-29 19:56:58 - PHP Notice:  Undefined variable: column_right in /srv/httpd/eventos.novatela.com.br/novatela_eventos/public/catalog/view/theme/theme511/template/common/header.tpl on line 185
2015-06-29 19:57:02 - PHP Warning:  ftp_login(): Login authentication failed in /srv/httpd/eventos.novatela.com.br/novatela_eventos/public/admin/controller/extension/installer.php on line 295
2015-07-03 16:07:12 - PagSeguro :: Parmetros de notificao retornado pelo PagSeguro so invlidos.
2015-07-03 18:35:58 - PagSeguro :: [HTTP 400] - BAD_REQUEST 0 [11104] - Cart total value is negative
2015-07-03 18:53:05 - PagSeguro :: [HTTP 400] - BAD_REQUEST 0 [11104] - Cart total value is negative
2015-07-06 15:42:13 - PagSeguro :: Parmetros de notificao retornado pelo PagSeguro so invlidos.
2015-07-07 9:06:50 - PagSeguro :: Parmetros de notificao retornado pelo PagSeguro so invlidos.
2015-07-07 10:40:41 - PagSeguro :: Parmetros de notificao retornado pelo PagSeguro so invlidos.
2015-07-07 15:53:05 - PHP Notice:  Trying to get property of non-object in /srv/httpd/eventos.novatela.com.br/novatela_eventos/public/admin/controller/extension/modification.php on line 141
2015-07-07 15:53:08 - PHP Notice:  Trying to get property of non-object in /srv/httpd/eventos.novatela.com.br/novatela_eventos/public/admin/controller/extension/modification.php on line 141
